<?xml version="1.0" encoding="UTF-8"?>
<testng-results ignored="0" total="1" passed="0" failed="1" skipped="0">
  <reporter-output>
    <line>
      <![CDATA[======Navegador Cerrado======]]>
    </line>
  </reporter-output>
  <suite started-at="2024-09-04T20:32:56 ART" name="Default suite" finished-at="2024-09-04T20:32:56 ART" duration-ms="50">
    <groups>
    </groups>
    <test started-at="2024-09-04T20:32:56 ART" name="Default test" finished-at="2024-09-04T20:32:56 ART" duration-ms="50">
      <class name="tests.CP_009_CompraNoExitosaSinDatoCodigoPostal">
        <test-method signature="intentarRealizarCompraDeProductoSinCodigoPostal()[pri:1, instance:tests.CP_009_CompraNoExitosaSinDatoCodigoPostal@434a63ab]" started-at="2024-09-04T20:32:56 ART" name="intentarRealizarCompraDeProductoSinCodigoPostal" finished-at="2024-09-04T20:32:56 ART" duration-ms="7" status="FAIL">
          <exception class="java.lang.Error">
            <message>
              <![CDATA[Unresolved compilation problem: 
urlKey cannot be resolved or is not a field
]]>
            </message>
            <full-stacktrace>
              <![CDATA[java.lang.Error: Unresolved compilation problem: 
urlKey cannot be resolved or is not a field

at base.BaseTest.setUrlKey(BaseTest.java:68)
at tests.CP_009_CompraNoExitosaSinDatoCodigoPostal.intentarRealizarCompraDeProductoSinCodigoPostal(CP_009_CompraNoExitosaSinDatoCodigoPostal.java:21)
at java.base/jdk.internal.reflect.NativeMethodAccessorImpl.invoke0(Native Method)
at java.base/jdk.internal.reflect.NativeMethodAccessorImpl.invoke(NativeMethodAccessorImpl.java:77)
at java.base/jdk.internal.reflect.DelegatingMethodAccessorImpl.invoke(DelegatingMethodAccessorImpl.java:43)
at java.base/java.lang.reflect.Method.invoke(Method.java:568)
at org.testng.internal.MethodInvocationHelper.invokeMethod(MethodInvocationHelper.java:133)
at org.testng.internal.TestInvoker.invokeMethod(TestInvoker.java:598)
at org.testng.internal.TestInvoker.invokeTestMethod(TestInvoker.java:173)
at org.testng.internal.MethodRunner.runInSequence(MethodRunner.java:46)
at org.testng.internal.TestInvoker$MethodInvocationAgent.invoke(TestInvoker.java:824)
at org.testng.internal.TestInvoker.invokeTestMethods(TestInvoker.java:146)
at org.testng.internal.TestMethodWorker.invokeTestMethods(TestMethodWorker.java:146)
at org.testng.internal.TestMethodWorker.run(TestMethodWorker.java:128)
at java.base/java.util.ArrayList.forEach(ArrayList.java:1511)
at org.testng.TestRunner.privateRun(TestRunner.java:794)
at org.testng.TestRunner.run(TestRunner.java:596)
at org.testng.SuiteRunner.runTest(SuiteRunner.java:377)
at org.testng.SuiteRunner.runSequentially(SuiteRunner.java:371)
at org.testng.SuiteRunner.privateRun(SuiteRunner.java:332)
at org.testng.SuiteRunner.run(SuiteRunner.java:276)
at org.testng.SuiteRunnerWorker.runSuite(SuiteRunnerWorker.java:53)
at org.testng.SuiteRunnerWorker.run(SuiteRunnerWorker.java:96)
at org.testng.TestNG.runSuitesSequentially(TestNG.java:1212)
at org.testng.TestNG.runSuitesLocally(TestNG.java:1134)
at org.testng.TestNG.runSuites(TestNG.java:1063)
at org.testng.TestNG.run(TestNG.java:1031)
at org.testng.remote.AbstractRemoteTestNG.run(AbstractRemoteTestNG.java:115)
at org.testng.remote.RemoteTestNG.initAndRun(RemoteTestNG.java:293)
at org.testng.remote.RemoteTestNG.main(RemoteTestNG.java:91)
]]>
            </full-stacktrace>
          </exception> <!-- java.lang.Error -->
          <reporter-output>
          </reporter-output>
        </test-method> <!-- intentarRealizarCompraDeProductoSinCodigoPostal -->
        <test-method is-config="true" signature="tearDown()[pri:0, instance:tests.CP_009_CompraNoExitosaSinDatoCodigoPostal@434a63ab]" started-at="2024-09-04T20:32:56 ART" name="tearDown" finished-at="2024-09-04T20:32:56 ART" duration-ms="1" status="PASS">
          <reporter-output>
            <line>
              <![CDATA[======Navegador Cerrado======]]>
            </line>
          </reporter-output>
        </test-method> <!-- tearDown -->
      </class> <!-- tests.CP_009_CompraNoExitosaSinDatoCodigoPostal -->
    </test> <!-- Default test -->
  </suite> <!-- Default suite -->
</testng-results>
